<?xml version="1.0" encoding="UTF-8"?>
<!-- Generated by org.testng.reporters.JUnitReportReporter -->
<testsuite skipped="0" hostname="DESKTOP-HCFFR5C" name="links.httpURLConnection" tests="83" failures="3" timestamp="08 Feb 2020 23:52:28 GMT" time="17.645" errors="1">
  <testcase name="testCheckLinks" time="0.088" classname="links.httpURLConnection"/>
  <testcase name="testCheckLinks" time="0.066" classname="links.httpURLConnection"/>
  <testcase name="testCheckLinks" time="0.046" classname="links.httpURLConnection"/>
  <testcase name="testCheckLinks" time="4.837" classname="links.httpURLConnection"/>
  <testcase name="testCheckLinks" time="0.064" classname="links.httpURLConnection"/>
  <testcase name="testCheckLinks" time="0.053" classname="links.httpURLConnection"/>
  <testcase name="testCheckLinks" time="0.056" classname="links.httpURLConnection"/>
  <testcase name="testCheckLinks" time="0.355" classname="links.httpURLConnection"/>
  <testcase name="testCheckLinks" time="0.073" classname="links.httpURLConnection"/>
  <testcase name="testCheckLinks" time="0.323" classname="links.httpURLConnection"/>
  <testcase name="testCheckLinks" time="0.050" classname="links.httpURLConnection"/>
  <testcase name="testCheckLinks" time="0.046" classname="links.httpURLConnection"/>
  <testcase name="testCheckLinks" time="0.088" classname="links.httpURLConnection"/>
  <testcase name="testCheckLinks" time="0.044" classname="links.httpURLConnection"/>
  <testcase name="testCheckLinks" time="0.265" classname="links.httpURLConnection"/>
  <testcase name="testCheckLinks" time="0.059" classname="links.httpURLConnection"/>
  <testcase name="testCheckLinks" time="1.053" classname="links.httpURLConnection"/>
  <testcase name="testCheckLinks" time="0.090" classname="links.httpURLConnection"/>
  <testcase name="testCheckLinks" time="0.053" classname="links.httpURLConnection"/>
  <testcase name="testCheckLinks" time="0.050" classname="links.httpURLConnection"/>
  <testcase name="testCheckLinks" time="0.049" classname="links.httpURLConnection"/>
  <testcase name="testCheckLinks" time="0.045" classname="links.httpURLConnection"/>
  <testcase name="testCheckLinks" time="0.272" classname="links.httpURLConnection"/>
  <testcase name="testCheckLinks" time="0.071" classname="links.httpURLConnection"/>
  <testcase name="testCheckLinks" time="2.826" classname="links.httpURLConnection"/>
  <testcase name="testCheckLinks" time="0.088" classname="links.httpURLConnection"/>
  <testcase name="testCheckLinks" time="0.749" classname="links.httpURLConnection"/>
  <testcase name="testCheckLinks" time="0.051" classname="links.httpURLConnection"/>
  <testcase name="testCheckLinks" time="0.045" classname="links.httpURLConnection"/>
  <testcase name="testCheckLinks" time="0.276" classname="links.httpURLConnection"/>
  <testcase name="testCheckLinks" time="0.001" classname="links.httpURLConnection">
    <error type="java.lang.ClassCastException" message="sun.net.www.protocol.mailto.MailToURLConnection cannot be cast to java.net.HttpURLConnection">
      <![CDATA[java.lang.ClassCastException: sun.net.www.protocol.mailto.MailToURLConnection cannot be cast to java.net.HttpURLConnection
at links.httpURLConnection.verifyURLStatus(httpURLConnection.java:121)
at links.httpURLConnection.testCheckLinks(httpURLConnection.java:69)
at sun.reflect.GeneratedMethodAccessor1.invoke(Unknown Source)
at sun.reflect.DelegatingMethodAccessorImpl.invoke(Unknown Source)
at java.lang.reflect.Method.invoke(Unknown Source)
at org.testng.internal.MethodInvocationHelper.invokeMethod(MethodInvocationHelper.java:124)
at org.testng.internal.Invoker.invokeMethod(Invoker.java:580)
at org.testng.internal.Invoker.invokeTestMethod(Invoker.java:716)
at org.testng.internal.Invoker.invokeTestMethods(Invoker.java:988)
at org.testng.internal.TestMethodWorker.invokeTestMethods(TestMethodWorker.java:125)
at org.testng.internal.TestMethodWorker.run(TestMethodWorker.java:109)
at org.testng.TestRunner.privateRun(TestRunner.java:648)
at org.testng.TestRunner.run(TestRunner.java:505)
at org.testng.SuiteRunner.runTest(SuiteRunner.java:455)
at org.testng.SuiteRunner.runSequentially(SuiteRunner.java:450)
at org.testng.SuiteRunner.privateRun(SuiteRunner.java:415)
at org.testng.SuiteRunner.run(SuiteRunner.java:364)
at org.testng.SuiteRunnerWorker.runSuite(SuiteRunnerWorker.java:52)
at org.testng.SuiteRunnerWorker.run(SuiteRunnerWorker.java:84)
at org.testng.TestNG.runSuitesSequentially(TestNG.java:1208)
at org.testng.TestNG.runSuitesLocally(TestNG.java:1137)
at org.testng.TestNG.runSuites(TestNG.java:1049)
at org.testng.TestNG.run(TestNG.java:1017)
at org.testng.remote.AbstractRemoteTestNG.run(AbstractRemoteTestNG.java:114)
at org.testng.remote.RemoteTestNG.initAndRun(RemoteTestNG.java:251)
at org.testng.remote.RemoteTestNG.main(RemoteTestNG.java:77)
]]>
    </error>
  </testcase> <!-- testCheckLinks -->
  <testcase name="testCheckLinks" time="0.046" classname="links.httpURLConnection"/>
  <testcase name="testCheckLinks" time="0.048" classname="links.httpURLConnection"/>
  <testcase name="testCheckLinks" time="0.047" classname="links.httpURLConnection"/>
  <testcase name="testCheckLinks" time="1.352" classname="links.httpURLConnection"/>
  <testcase name="testCheckLinks" time="0.045" classname="links.httpURLConnection"/>
  <testcase name="testCheckLinks" time="0.052" classname="links.httpURLConnection"/>
  <testcase name="testCheckLinks" time="0.081" classname="links.httpURLConnection"/>
  <testcase name="testCheckLinks" time="0.048" classname="links.httpURLConnection"/>
  <testcase name="testCheckLinks" time="0.054" classname="links.httpURLConnection"/>
  <testcase name="testCheckLinks" time="0.049" classname="links.httpURLConnection"/>
  <testcase name="testCheckLinks" time="0.048" classname="links.httpURLConnection"/>
  <testcase name="testCheckLinks" time="0.055" classname="links.httpURLConnection"/>
  <testcase name="testCheckLinks" time="0.054" classname="links.httpURLConnection"/>
  <testcase name="testCheckLinks" time="0.045" classname="links.httpURLConnection"/>
  <testcase name="testCheckLinks" time="0.057" classname="links.httpURLConnection"/>
  <testcase name="testCheckLinks" time="0.063" classname="links.httpURLConnection"/>
  <testcase name="testCheckLinks" time="0.059" classname="links.httpURLConnection"/>
  <testcase name="testCheckLinks" time="0.065" classname="links.httpURLConnection"/>
  <testcase name="testCheckLinks" time="0.068" classname="links.httpURLConnection"/>
  <testcase name="testCheckLinks" time="0.065" classname="links.httpURLConnection"/>
  <testcase name="testCheckLinks" time="0.118" classname="links.httpURLConnection">
    <failure type="java.lang.AssertionError" message="expected [200] but found [403]">
      <![CDATA[java.lang.AssertionError: expected [200] but found [403]
at org.testng.Assert.fail(Assert.java:96)
at org.testng.Assert.failNotEquals(Assert.java:776)
at org.testng.Assert.assertEqualsImpl(Assert.java:137)
at org.testng.Assert.assertEquals(Assert.java:118)
at org.testng.Assert.assertEquals(Assert.java:652)
at org.testng.Assert.assertEquals(Assert.java:662)
at links.httpURLConnection.testCheckLinks(httpURLConnection.java:70)
at sun.reflect.NativeMethodAccessorImpl.invoke0(Native Method)
at sun.reflect.NativeMethodAccessorImpl.invoke(Unknown Source)
at sun.reflect.DelegatingMethodAccessorImpl.invoke(Unknown Source)
at java.lang.reflect.Method.invoke(Unknown Source)
at org.testng.internal.MethodInvocationHelper.invokeMethod(MethodInvocationHelper.java:124)
at org.testng.internal.Invoker.invokeMethod(Invoker.java:580)
at org.testng.internal.Invoker.invokeTestMethod(Invoker.java:716)
at org.testng.internal.Invoker.invokeTestMethods(Invoker.java:988)
at org.testng.internal.TestMethodWorker.invokeTestMethods(TestMethodWorker.java:125)
at org.testng.internal.TestMethodWorker.run(TestMethodWorker.java:109)
at org.testng.TestRunner.privateRun(TestRunner.java:648)
at org.testng.TestRunner.run(TestRunner.java:505)
at org.testng.SuiteRunner.runTest(SuiteRunner.java:455)
at org.testng.SuiteRunner.runSequentially(SuiteRunner.java:450)
at org.testng.SuiteRunner.privateRun(SuiteRunner.java:415)
at org.testng.SuiteRunner.run(SuiteRunner.java:364)
at org.testng.SuiteRunnerWorker.runSuite(SuiteRunnerWorker.java:52)
at org.testng.SuiteRunnerWorker.run(SuiteRunnerWorker.java:84)
at org.testng.TestNG.runSuitesSequentially(TestNG.java:1208)
at org.testng.TestNG.runSuitesLocally(TestNG.java:1137)
at org.testng.TestNG.runSuites(TestNG.java:1049)
at org.testng.TestNG.run(TestNG.java:1017)
at org.testng.remote.AbstractRemoteTestNG.run(AbstractRemoteTestNG.java:114)
at org.testng.remote.RemoteTestNG.initAndRun(RemoteTestNG.java:251)
at org.testng.remote.RemoteTestNG.main(RemoteTestNG.java:77)
]]>
    </failure>
  </testcase> <!-- testCheckLinks -->
  <testcase name="testCheckLinks" time="0.294" classname="links.httpURLConnection"/>
  <testcase name="testCheckLinks" time="0.074" classname="links.httpURLConnection"/>
  <testcase name="testCheckLinks" time="0.099" classname="links.httpURLConnection"/>
  <testcase name="testCheckLinks" time="0.067" classname="links.httpURLConnection"/>
  <testcase name="testCheckLinks" time="0.053" classname="links.httpURLConnection"/>
  <testcase name="testCheckLinks" time="0.071" classname="links.httpURLConnection"/>
  <testcase name="testCheckLinks" time="0.273" classname="links.httpURLConnection"/>
  <testcase name="testCheckLinks" time="0.072" classname="links.httpURLConnection"/>
  <testcase name="testCheckLinks" time="0.062" classname="links.httpURLConnection"/>
  <testcase name="testCheckLinks" time="0.103" classname="links.httpURLConnection">
    <failure type="java.lang.AssertionError" message="expected [200] but found [403]">
      <![CDATA[java.lang.AssertionError: expected [200] but found [403]
at org.testng.Assert.fail(Assert.java:96)
at org.testng.Assert.failNotEquals(Assert.java:776)
at org.testng.Assert.assertEqualsImpl(Assert.java:137)
at org.testng.Assert.assertEquals(Assert.java:118)
at org.testng.Assert.assertEquals(Assert.java:652)
at org.testng.Assert.assertEquals(Assert.java:662)
at links.httpURLConnection.testCheckLinks(httpURLConnection.java:70)
at sun.reflect.NativeMethodAccessorImpl.invoke0(Native Method)
at sun.reflect.NativeMethodAccessorImpl.invoke(Unknown Source)
at sun.reflect.DelegatingMethodAccessorImpl.invoke(Unknown Source)
at java.lang.reflect.Method.invoke(Unknown Source)
at org.testng.internal.MethodInvocationHelper.invokeMethod(MethodInvocationHelper.java:124)
at org.testng.internal.Invoker.invokeMethod(Invoker.java:580)
at org.testng.internal.Invoker.invokeTestMethod(Invoker.java:716)
at org.testng.internal.Invoker.invokeTestMethods(Invoker.java:988)
at org.testng.internal.TestMethodWorker.invokeTestMethods(TestMethodWorker.java:125)
at org.testng.internal.TestMethodWorker.run(TestMethodWorker.java:109)
at org.testng.TestRunner.privateRun(TestRunner.java:648)
at org.testng.TestRunner.run(TestRunner.java:505)
at org.testng.SuiteRunner.runTest(SuiteRunner.java:455)
at org.testng.SuiteRunner.runSequentially(SuiteRunner.java:450)
at org.testng.SuiteRunner.privateRun(SuiteRunner.java:415)
at org.testng.SuiteRunner.run(SuiteRunner.java:364)
at org.testng.SuiteRunnerWorker.runSuite(SuiteRunnerWorker.java:52)
at org.testng.SuiteRunnerWorker.run(SuiteRunnerWorker.java:84)
at org.testng.TestNG.runSuitesSequentially(TestNG.java:1208)
at org.testng.TestNG.runSuitesLocally(TestNG.java:1137)
at org.testng.TestNG.runSuites(TestNG.java:1049)
at org.testng.TestNG.run(TestNG.java:1017)
at org.testng.remote.AbstractRemoteTestNG.run(AbstractRemoteTestNG.java:114)
at org.testng.remote.RemoteTestNG.initAndRun(RemoteTestNG.java:251)
at org.testng.remote.RemoteTestNG.main(RemoteTestNG.java:77)
]]>
    </failure>
  </testcase> <!-- testCheckLinks -->
  <testcase name="testCheckLinks" time="0.047" classname="links.httpURLConnection"/>
  <testcase name="testCheckLinks" time="0.051" classname="links.httpURLConnection"/>
  <testcase name="testCheckLinks" time="0.056" classname="links.httpURLConnection"/>
  <testcase name="testCheckLinks" time="0.062" classname="links.httpURLConnection"/>
  <testcase name="testCheckLinks" time="0.057" classname="links.httpURLConnection"/>
  <testcase name="testCheckLinks" time="0.330" classname="links.httpURLConnection"/>
  <testcase name="testCheckLinks" time="0.051" classname="links.httpURLConnection"/>
  <testcase name="testCheckLinks" time="0.057" classname="links.httpURLConnection"/>
  <testcase name="testCheckLinks" time="0.068" classname="links.httpURLConnection"/>
  <testcase name="testCheckLinks" time="0.297" classname="links.httpURLConnection"/>
  <testcase name="testCheckLinks" time="0.098" classname="links.httpURLConnection"/>
  <testcase name="testCheckLinks" time="0.049" classname="links.httpURLConnection"/>
  <testcase name="testCheckLinks" time="0.053" classname="links.httpURLConnection"/>
  <testcase name="testCheckLinks" time="0.003" classname="links.httpURLConnection">
    <failure type="java.lang.AssertionError" message="expected [200] but found [404]">
      <![CDATA[java.lang.AssertionError: expected [200] but found [404]
at org.testng.Assert.fail(Assert.java:96)
at org.testng.Assert.failNotEquals(Assert.java:776)
at org.testng.Assert.assertEqualsImpl(Assert.java:137)
at org.testng.Assert.assertEquals(Assert.java:118)
at org.testng.Assert.assertEquals(Assert.java:652)
at org.testng.Assert.assertEquals(Assert.java:662)
at links.httpURLConnection.testCheckLinks(httpURLConnection.java:70)
at sun.reflect.NativeMethodAccessorImpl.invoke0(Native Method)
at sun.reflect.NativeMethodAccessorImpl.invoke(Unknown Source)
at sun.reflect.DelegatingMethodAccessorImpl.invoke(Unknown Source)
at java.lang.reflect.Method.invoke(Unknown Source)
at org.testng.internal.MethodInvocationHelper.invokeMethod(MethodInvocationHelper.java:124)
at org.testng.internal.Invoker.invokeMethod(Invoker.java:580)
at org.testng.internal.Invoker.invokeTestMethod(Invoker.java:716)
at org.testng.internal.Invoker.invokeTestMethods(Invoker.java:988)
at org.testng.internal.TestMethodWorker.invokeTestMethods(TestMethodWorker.java:125)
at org.testng.internal.TestMethodWorker.run(TestMethodWorker.java:109)
at org.testng.TestRunner.privateRun(TestRunner.java:648)
at org.testng.TestRunner.run(TestRunner.java:505)
at org.testng.SuiteRunner.runTest(SuiteRunner.java:455)
at org.testng.SuiteRunner.runSequentially(SuiteRunner.java:450)
at org.testng.SuiteRunner.privateRun(SuiteRunner.java:415)
at org.testng.SuiteRunner.run(SuiteRunner.java:364)
at org.testng.SuiteRunnerWorker.runSuite(SuiteRunnerWorker.java:52)
at org.testng.SuiteRunnerWorker.run(SuiteRunnerWorker.java:84)
at org.testng.TestNG.runSuitesSequentially(TestNG.java:1208)
at org.testng.TestNG.runSuitesLocally(TestNG.java:1137)
at org.testng.TestNG.runSuites(TestNG.java:1049)
at org.testng.TestNG.run(TestNG.java:1017)
at org.testng.remote.AbstractRemoteTestNG.run(AbstractRemoteTestNG.java:114)
at org.testng.remote.RemoteTestNG.initAndRun(RemoteTestNG.java:251)
at org.testng.remote.RemoteTestNG.main(RemoteTestNG.java:77)
]]>
    </failure>
  </testcase> <!-- testCheckLinks -->
  <testcase name="testCheckLinks" time="0.054" classname="links.httpURLConnection"/>
  <testcase name="testCheckLinks" time="0.051" classname="links.httpURLConnection"/>
  <testcase name="testCheckLinks" time="0.060" classname="links.httpURLConnection"/>
  <testcase name="testCheckLinks" time="0.055" classname="links.httpURLConnection"/>
  <testcase name="testCheckLinks" time="0.072" classname="links.httpURLConnection"/>
  <testcase name="testCheckLinks" time="0.086" classname="links.httpURLConnection"/>
  <testcase name="testCheckLinks" time="0.069" classname="links.httpURLConnection"/>
</testsuite> <!-- links.httpURLConnection -->
